RUN	PruebaDatabase.test1	test1	1678928098980	 	3.9.2
USER	Users	START	1678928100359
REQUEST		Home	1678928100354	1678928100361	KO	j.n.ConnectException: Connection refused: no further information
REQUEST		Search	1678928101395	1678928101397	KO	j.n.ConnectException: Connection refused: no further information
ERROR	Select: Failed to build request: No attribute named 'computerUrl' is defined 	1678928102409
USER	Users	END	1678928103435
USER	Users	START	1678928106311
REQUEST		Home	1678928106309	1678928106312	KO	j.n.ConnectException: Connection refused: no further information
REQUEST		Search	1678928107317	1678928107319	KO	j.n.ConnectException: Connection refused: no further information
ERROR	Select: Failed to build request: No attribute named 'computerUrl' is defined 	1678928108330
USER	Users	END	1678928109343
USER	Users	START	1678928112306
REQUEST		Home	1678928112304	1678928112308	KO	j.n.ConnectException: Connection refused: no further information
REQUEST		Search	1678928113319	1678928113321	KO	j.n.ConnectException: Connection refused: no further information
ERROR	Select: Failed to build request: No attribute named 'computerUrl' is defined 	1678928114336
USER	Users	END	1678928115347
USER	Users	START	1678928118313
REQUEST		Home	1678928118312	1678928118315	KO	j.n.ConnectException: Connection refused: no further information
REQUEST		Search	1678928119323	1678928119326	KO	j.n.ConnectException: Connection refused: no further information
ERROR	Select: Failed to build request: No attribute named 'computerUrl' is defined 	1678928120336
USER	Users	END	1678928121344
USER	Users	START	1678928124310
REQUEST		Home	1678928124308	1678928124311	KO	j.n.ConnectException: Connection refused: no further information
REQUEST		Search	1678928125322	1678928125324	KO	j.n.ConnectException: Connection refused: no further information
ERROR	Select: Failed to build request: No attribute named 'computerUrl' is defined 	1678928126331
USER	Users	END	1678928127343
